<?xml version="1.0" encoding="UTF-8"?>
<!-- Generated by org.testng.reporters.JUnitReportReporter -->
<testsuite skipped="0" hostname="HDC1-L-446FHJX" name="tests.TestRunner" tests="6" failures="0" timestamp="14 Mar 2019 14:02:11 GMT" time="57.911" errors="0">
  <testcase name="bankLoginTest" time="12.744" classname="tests.TestRunner"/>
  <testcase name="addCustomerTest" time="14.655" classname="tests.TestRunner"/>
  <testcase name="addCustomerTest" time="15.402" classname="tests.TestRunner"/>
  <testcase name="createAccount" time="13.249" classname="tests.TestRunner"/>
  <testcase name="createAccount" time="0.727" classname="tests.TestRunner"/>
  <testcase name="logOutTest" time="1.134" classname="tests.TestRunner"/>
</testsuite> <!-- tests.TestRunner -->
