<?xml version="1.0" encoding="UTF-8"?>
<!-- Generated by org.testng.reporters.JUnitReportReporter -->
<testsuite skipped="0" hostname="HDC1-L-446FHJX" name="tests.BankLogin" tests="1" failures="0" timestamp="08 Mar 2019 09:47:35 GMT" time="6.889" errors="0">
  <testcase name="bankLoginTest" time="6.889" classname="tests.BankLogin"/>
</testsuite> <!-- tests.BankLogin -->
