<?xml version="1.0" encoding="UTF-8"?>
<!-- Generated by org.testng.reporters.JUnitReportReporter -->
<testsuite skipped="0" hostname="HDC1-L-446FHJX" name="tests.TestRunner" tests="8" failures="0" timestamp="18 Mar 2019 11:00:12 GMT" time="74.347" errors="0">
  <testcase name="bankLoginTest" time="12.256" classname="tests.TestRunner"/>
  <testcase name="addCustomerTest" time="2.782" classname="tests.TestRunner"/>
  <testcase name="addCustomerTest" time="2.334" classname="tests.TestRunner"/>
  <testcase name="createAccount" time="0.003" classname="tests.TestRunner"/>
  <testcase name="createAccount" time="0.008" classname="tests.TestRunner"/>
  <testcase name="editCustomer" time="51.174" classname="tests.TestRunner"/>
  <testcase name="editCustomer" time="4.314" classname="tests.TestRunner"/>
  <testcase name="logOutTest" time="1.476" classname="tests.TestRunner"/>
</testsuite> <!-- tests.TestRunner -->
