<?xml version="1.0" encoding="UTF-8"?>
<!-- Generated by org.testng.reporters.JUnitReportReporter -->
<testsuite skipped="0" hostname="HDC1-L-446FHJX" name="tests.TestRunner" tests="4" failures="0" timestamp="15 Mar 2019 11:56:12 GMT" time="16.844" errors="0">
  <testcase name="bankLoginTest" time="12.795" classname="tests.TestRunner"/>
  <testcase name="addCustomerTest" time="2.975" classname="tests.TestRunner"/>
  <testcase name="createAccount" time="0.051" classname="tests.TestRunner"/>
  <testcase name="logOutTest" time="1.023" classname="tests.TestRunner"/>
</testsuite> <!-- tests.TestRunner -->
