<?xml version="1.0" encoding="UTF-8"?>
<!-- Generated by org.testng.reporters.JUnitReportReporter -->
<testsuite skipped="0" hostname="HDC1-L-446FHJX" name="tests.BankLogin" tests="4" failures="0" timestamp="13 Mar 2019 10:19:48 GMT" time="25.270" errors="0">
  <testcase name="bankLoginTest" time="2.265" classname="tests.BankLogin"/>
  <testcase name="bankLoginTest" time="17.441" classname="tests.BankLogin"/>
  <testcase name="bankLoginTest" time="3.136" classname="tests.BankLogin"/>
  <testcase name="bankLoginTest" time="2.428" classname="tests.BankLogin"/>
</testsuite> <!-- tests.BankLogin -->
