<?xml version="1.0" encoding="UTF-8"?>
<!-- Generated by org.testng.reporters.JUnitReportReporter -->
<testsuite skipped="0" hostname="HDC1-D-C7ZPXJ2" name="excel.ReadAllValues" tests="1" failures="0" timestamp="12 Feb 2019 09:16:15 GMT" time="45.790" errors="0">
  <testcase name="readExcellAllValues" time="45.790" classname="excel.ReadAllValues"/>
</testsuite> <!-- excel.ReadAllValues -->
