<?xml version="1.0" encoding="UTF-8"?>
<!-- Generated by org.testng.reporters.JUnitReportReporter -->
<testsuite skipped="0" hostname="HDC1-D-C7ZPXJ2" name="excel.DDTUsingDataProvider" tests="4" failures="0" timestamp="12 Feb 2019 10:02:03 GMT" time="33.337" errors="0">
  <testcase name="loginCheckusingDataProvider" time="7.620" classname="excel.DDTUsingDataProvider"/>
  <testcase name="loginCheckusingDataProvider" time="7.565" classname="excel.DDTUsingDataProvider"/>
  <testcase name="loginCheckusingDataProvider" time="6.698" classname="excel.DDTUsingDataProvider"/>
  <testcase name="loginCheckusingDataProvider" time="11.454" classname="excel.DDTUsingDataProvider"/>
</testsuite> <!-- excel.DDTUsingDataProvider -->
