<?xml version="1.0" encoding="UTF-8"?>
<!-- Generated by org.testng.reporters.JUnitReportReporter -->
<testsuite skipped="0" hostname="HDC1-D-C7ZPXJ2" name="excel.ReadingExcel" tests="1" failures="0" timestamp="12 Feb 2019 06:22:51 GMT" time="0.573" errors="0">
  <testcase name="readExcel" time="0.573" classname="excel.ReadingExcel"/>
</testsuite> <!-- excel.ReadingExcel -->
