<?xml version="1.0" encoding="UTF-8"?>
<!-- Generated by org.testng.reporters.JUnitReportReporter -->
<testsuite skipped="0" hostname="HDC1-L-446FHJX" name="onlineshopping.tests.LoginTest" tests="2" failures="0" timestamp="21 Feb 2019 13:33:48 GMT" time="38.934" errors="0">
  <testcase name="loginTest" time="15.032" classname="onlineshopping.tests.LoginTest"/>
  <testcase name="loginTest" time="23.902" classname="onlineshopping.tests.LoginTest"/>
</testsuite> <!-- onlineshopping.tests.LoginTest -->
