<?xml version="1.0" encoding="UTF-8"?>
<!-- Generated by org.testng.reporters.JUnitReportReporter -->
<testsuite skipped="0" hostname="HDC1-D-C7ZPXJ2" name="seleniumGrid.LoginApplicationDataDriven" tests="1" failures="0" timestamp="13 Feb 2019 12:20:40 GMT" time="10.955" errors="0">
  <testcase name="loginTestCase" time="10.955" classname="seleniumGrid.LoginApplicationDataDriven"/>
</testsuite> <!-- seleniumGrid.LoginApplicationDataDriven -->
