<?xml version="1.0" encoding="UTF-8"?>
<!-- Generated by org.testng.reporters.JUnitReportReporter -->
<testsuite skipped="0" hostname="HDC1-D-C7ZPXJ2" name="actionDemos.MultiSelectUsingKeyboard" tests="1" failures="0" timestamp="11 Feb 2019 09:23:28 GMT" time="21.213" errors="0">
  <testcase name="multiSelectBox" time="21.213" classname="actionDemos.MultiSelectUsingKeyboard"/>
</testsuite> <!-- actionDemos.MultiSelectUsingKeyboard -->
