<?xml version="1.0" encoding="UTF-8"?>
<!-- Generated by org.testng.reporters.JUnitReportReporter -->
<testsuite skipped="0" hostname="HDC1-D-C7ZPXJ2" name="actionDemos.DoubleClick" tests="1" failures="0" timestamp="11 Feb 2019 08:53:30 GMT" time="37.406" errors="0">
  <testcase name="doubleClickTest" time="37.406" classname="actionDemos.DoubleClick"/>
</testsuite> <!-- actionDemos.DoubleClick -->
