<?xml version="1.0" encoding="UTF-8"?>
<!-- Generated by org.testng.reporters.JUnitReportReporter -->
<testsuite skipped="0" hostname="HDC1-D-C7ZPXJ2" name="robotClass.DownloadFileUsingRobot" tests="1" failures="0" timestamp="12 Feb 2019 12:16:39 GMT" time="14.144" errors="0">
  <testcase name="downloadingAFile" time="14.144" classname="robotClass.DownloadFileUsingRobot"/>
</testsuite> <!-- robotClass.DownloadFileUsingRobot -->
