<?xml version="1.0" encoding="UTF-8"?>
<!-- Generated by org.testng.reporters.JUnitReportReporter -->
<testsuite skipped="0" hostname="HDC1-D-C7ZPXJ2" name="actionDemos.SelectCheckBoxJavaScript" tests="1" failures="0" timestamp="11 Feb 2019 11:58:01 GMT" time="21.721" errors="0">
  <testcase name="selectUnselectCheckBox" time="21.721" classname="actionDemos.SelectCheckBoxJavaScript"/>
</testsuite> <!-- actionDemos.SelectCheckBoxJavaScript -->
