<?xml version="1.0" encoding="UTF-8"?>
<!-- Generated by org.testng.reporters.JUnitReportReporter -->
<testsuite skipped="0" hostname="HDC1-D-C7ZPXJ2" name="actionDemos.DragAndDrop" tests="1" failures="0" timestamp="11 Feb 2019 09:07:17 GMT" time="23.547" errors="0">
  <testcase name="dragDrop" time="23.547" classname="actionDemos.DragAndDrop"/>
</testsuite> <!-- actionDemos.DragAndDrop -->
