<?xml version="1.0" encoding="UTF-8"?>
<!-- Generated by org.testng.reporters.JUnitReportReporter -->
<testsuite skipped="0" hostname="HDC1-D-C7ZPXJ2" name="robotClass.robotClassDemo" tests="1" failures="0" timestamp="12 Feb 2019 04:12:18 GMT" time="46.569" errors="0">
  <testcase name="robotKeyPress" time="46.569" classname="robotClass.robotClassDemo"/>
</testsuite> <!-- robotClass.robotClassDemo -->
