<?xml version="1.0" encoding="UTF-8"?>
<!-- Generated by org.testng.reporters.JUnitReportReporter -->
<testsuite skipped="0" hostname="HDC1-D-C7ZPXJ2" name="cookies.CookieTest" tests="1" failures="0" timestamp="12 Feb 2019 05:08:08 GMT" time="35.462" errors="0">
  <testcase name="workingWithCookies" time="35.462" classname="cookies.CookieTest"/>
</testsuite> <!-- cookies.CookieTest -->
