<?xml version="1.0" encoding="UTF-8"?>
<!-- Generated by org.testng.reporters.JUnitReportReporter -->
<testsuite skipped="0" hostname="HDC1-D-C7ZPXJ2" name="robotClass.UploadFileUsingRobot" tests="1" failures="0" timestamp="12 Feb 2019 04:45:39 GMT" time="30.574" errors="0">
  <testcase name="uploadFile" time="30.574" classname="robotClass.UploadFileUsingRobot"/>
</testsuite> <!-- robotClass.UploadFileUsingRobot -->
