<?xml version="1.0" encoding="UTF-8"?>
<!-- Generated by org.testng.reporters.JUnitReportReporter -->
<testsuite skipped="0" hostname="HDC2-D-GMFYQG2" name="actionDemos.ConvertToUpperCase" tests="1" failures="0" timestamp="14 Feb 2019 08:55:07 GMT" time="26.034" errors="0">
  <testcase name="convert" time="26.034" classname="actionDemos.ConvertToUpperCase"/>
</testsuite> <!-- actionDemos.ConvertToUpperCase -->
