<?xml version="1.0" encoding="UTF-8"?>
<!-- Generated by org.testng.reporters.JUnitReportReporter -->
<testsuite skipped="0" hostname="HDC2-D-GMFYQG2" name="cookies.CookieTest" tests="1" failures="0" timestamp="14 Feb 2019 08:54:02 GMT" time="51.495" errors="0">
  <testcase name="workingWithCookies" time="51.495" classname="cookies.CookieTest"/>
</testsuite> <!-- cookies.CookieTest -->
