<?xml version="1.0" encoding="UTF-8"?>
<!-- Generated by org.testng.reporters.JUnitReportReporter -->
<testsuite skipped="0" hostname="HDC1-D-C7ZPXJ2" name="actionDemos.MouseDemo1" tests="1" failures="0" timestamp="11 Feb 2019 06:10:13 GMT" time="27.483" errors="0">
  <testcase name="loginTestCase" time="27.483" classname="actionDemos.MouseDemo1"/>
</testsuite> <!-- actionDemos.MouseDemo1 -->
