<?xml version="1.0" encoding="UTF-8"?>
<!-- Generated by org.testng.reporters.JUnitReportReporter -->
<testsuite skipped="0" hostname="HDC1-D-C7ZPXJ2" name="actionDemos.ConvertToUpperCase" tests="1" failures="0" timestamp="13 Feb 2019 06:31:35 GMT" time="14.264" errors="0">
  <testcase name="convert" time="14.264" classname="actionDemos.ConvertToUpperCase"/>
</testsuite> <!-- actionDemos.ConvertToUpperCase -->
