<?xml version="1.0" encoding="UTF-8"?>
<!-- Generated by org.testng.reporters.JUnitReportReporter -->
<testsuite skipped="0" hostname="HDC1-D-C7ZPXJ2" name="actionDemos.MouseHoverUsingActions" tests="1" failures="0" timestamp="11 Feb 2019 08:21:17 GMT" time="54.971" errors="0">
  <testcase name="mouseHover" time="54.971" classname="actionDemos.MouseHoverUsingActions"/>
</testsuite> <!-- actionDemos.MouseHoverUsingActions -->
