<?xml version="1.0" encoding="UTF-8"?>
<!-- Generated by org.testng.reporters.JUnitReportReporter -->
<testsuite skipped="0" hostname="HDC1-D-C7ZPXJ2" name="actionDemos.ScreenShotDemo" tests="1" failures="0" timestamp="11 Feb 2019 10:10:46 GMT" time="22.287" errors="0">
  <testcase name="screehshotDemo" time="22.287" classname="actionDemos.ScreenShotDemo"/>
</testsuite> <!-- actionDemos.ScreenShotDemo -->
