<?xml version="1.0" encoding="UTF-8"?>
<!-- Generated by org.testng.reporters.JUnitReportReporter -->
<testsuite skipped="0" hostname="HDC1-D-C7ZPXJ2" name="actionDemos.JavaScriptTest" tests="1" failures="0" timestamp="11 Feb 2019 11:48:52 GMT" time="17.089" errors="0">
  <testcase name="javaScriptAlert" time="17.089" classname="actionDemos.JavaScriptTest"/>
</testsuite> <!-- actionDemos.JavaScriptTest -->
